This is pdfTeX, Version 3.141592653-2.6-1.40.26 (TeX Live 2024) (preloaded format=pdflatex 2024.9.4)  14 JUL 2025 10:31
entering extended mode
 restricted \write18 enabled.
 file:line:error style messages enabled.
 %&-line parsing enabled.
**revised.tex
(./revised.tex
LaTeX2e <2023-11-01> patch level 1
L3 programming layer <2024-02-20>
(/usr/local/texlive/2024/texmf-dist/tex/latex/base/article.cls
Document Class: article 2023/05/17 v1.4n Standard LaTeX document class
(/usr/local/texlive/2024/texmf-dist/tex/latex/base/size10.clo
File: size10.clo 2023/05/17 v1.4n Standard LaTeX file (size option)
)
\c@part=\count188
\c@section=\count189
\c@subsection=\count190
\c@subsubsection=\count191
\c@paragraph=\count192
\c@subparagraph=\count193
\c@figure=\count194
\c@table=\count195
\abovecaptionskip=\skip48
\belowcaptionskip=\skip49
\bibindent=\dimen140
) (./macros.tex
(/usr/local/texlive/2024/texmf-dist/tex/latex/amsfonts/amssymb.sty
Package: amssymb 2013/01/14 v3.01 AMS font symbols

(/usr/local/texlive/2024/texmf-dist/tex/latex/amsfonts/amsfonts.sty
Package: amsfonts 2013/01/14 v3.01 Basic AMSFonts support
\@emptytoks=\toks17
\symAMSa=\mathgroup4
\symAMSb=\mathgroup5
LaTeX Font Info:    Redeclaring math symbol \hbar on input line 98.
LaTeX Font Info:    Overwriting math alphabet `\mathfrak' in version `bold'
(Font)                  U/euf/m/n --> U/euf/b/n on input line 106.
))
(/usr/local/texlive/2024/texmf-dist/tex/latex/amsmath/amsmath.sty
Package: amsmath 2023/05/13 v2.17o AMS math features
\@mathmargin=\skip50

For additional information on amsmath, use the `?' option.
(/usr/local/texlive/2024/texmf-dist/tex/latex/amsmath/amstext.sty
Package: amstext 2021/08/26 v2.01 AMS text

(/usr/local/texlive/2024/texmf-dist/tex/latex/amsmath/amsgen.sty
File: amsgen.sty 1999/11/30 v2.0 generic functions
\@emptytoks=\toks18
\ex@=\dimen141
))
(/usr/local/texlive/2024/texmf-dist/tex/latex/amsmath/amsbsy.sty
Package: amsbsy 1999/11/29 v1.2d Bold Symbols
\pmbraise@=\dimen142
)
(/usr/local/texlive/2024/texmf-dist/tex/latex/amsmath/amsopn.sty
Package: amsopn 2022/04/08 v2.04 operator names
)
\inf@bad=\count196
LaTeX Info: Redefining \frac on input line 234.
\uproot@=\count197
\leftroot@=\count198
LaTeX Info: Redefining \overline on input line 399.
LaTeX Info: Redefining \colon on input line 410.
\classnum@=\count199
\DOTSCASE@=\count266
LaTeX Info: Redefining \ldots on input line 496.
LaTeX Info: Redefining \dots on input line 499.
LaTeX Info: Redefining \cdots on input line 620.
\Mathstrutbox@=\box51
\strutbox@=\box52
LaTeX Info: Redefining \big on input line 722.
LaTeX Info: Redefining \Big on input line 723.
LaTeX Info: Redefining \bigg on input line 724.
LaTeX Info: Redefining \Bigg on input line 725.
\big@size=\dimen143
LaTeX Font Info:    Redeclaring font encoding OML on input line 743.
LaTeX Font Info:    Redeclaring font encoding OMS on input line 744.
\macc@depth=\count267
LaTeX Info: Redefining \bmod on input line 905.
LaTeX Info: Redefining \pmod on input line 910.
LaTeX Info: Redefining \smash on input line 940.
LaTeX Info: Redefining \relbar on input line 970.
LaTeX Info: Redefining \Relbar on input line 971.
\c@MaxMatrixCols=\count268
\dotsspace@=\muskip16
\c@parentequation=\count269
\dspbrk@lvl=\count270
\tag@help=\toks19
\row@=\count271
\column@=\count272
\maxfields@=\count273
\andhelp@=\toks20
\eqnshift@=\dimen144
\alignsep@=\dimen145
\tagshift@=\dimen146
\tagwidth@=\dimen147
\totwidth@=\dimen148
\lineht@=\dimen149
\@envbody=\toks21
\multlinegap=\skip51
\multlinetaggap=\skip52
\mathdisplay@stack=\toks22
LaTeX Info: Redefining \[ on input line 2953.
LaTeX Info: Redefining \] on input line 2954.
)
(/usr/local/texlive/2024/texmf-dist/tex/latex/amscls/amsthm.sty
Package: amsthm 2020/05/29 v2.20.6
\thm@style=\toks23
\thm@bodyfont=\toks24
\thm@headfont=\toks25
\thm@notefont=\toks26
\thm@headpunct=\toks27
\thm@preskip=\skip53
\thm@postskip=\skip54
\thm@headsep=\skip55
\dth@everypar=\toks28
)
(/usr/local/texlive/2024/texmf-dist/tex/latex/bbm-macros/bbm.sty
Package: bbm 1999/03/15 V 1.2 provides fonts for set symbols - TH
LaTeX Font Info:    Overwriting math alphabet `\mathbbm' in version `bold'
(Font)                  U/bbm/m/n --> U/bbm/bx/n on input line 33.
LaTeX Font Info:    Overwriting math alphabet `\mathbbmss' in version `bold'
(Font)                  U/bbmss/m/n --> U/bbmss/bx/n on input line 35.
)
(/usr/local/texlive/2024/texmf-dist/tex/latex/tools/verbatim.sty
Package: verbatim 2023-11-06 v1.5v LaTeX2e package for verbatim enhancements
\every@verbatim=\toks29
\verbatim@line=\toks30
\verbatim@in@stream=\read2
)
(/usr/local/texlive/2024/texmf-dist/tex/latex/float/float.sty
Package: float 2001/11/08 v1.3d Float enhancements (AL)
\c@float@type=\count274
\float@exts=\toks31
\float@box=\box53
\@float@everytoks=\toks32
\@floatcapt=\box54
)
(/usr/local/texlive/2024/texmf-dist/tex/latex/url/url.sty
\Urlmuskip=\muskip17
Package: url 2013/09/16  ver 3.4  Verb mode for urls, etc.
)
(/usr/local/texlive/2024/texmf-dist/tex/latex/doublestroke/dsfont.sty
Package: dsfont 1995/08/01 v0.1 Double stroke roman fonts
)
(/usr/local/texlive/2024/texmf-dist/tex/latex/graphics/graphicx.sty
Package: graphicx 2021/09/16 v1.2d Enhanced LaTeX Graphics (DPC,SPQR)

(/usr/local/texlive/2024/texmf-dist/tex/latex/graphics/keyval.sty
Package: keyval 2022/05/29 v1.15 key=value parser (DPC)
\KV@toks@=\toks33
)
(/usr/local/texlive/2024/texmf-dist/tex/latex/graphics/graphics.sty
Package: graphics 2022/03/10 v1.4e Standard LaTeX Graphics (DPC,SPQR)

(/usr/local/texlive/2024/texmf-dist/tex/latex/graphics/trig.sty
Package: trig 2021/08/11 v1.11 sin cos tan (DPC)
)
(/usr/local/texlive/2024/texmf-dist/tex/latex/graphics-cfg/graphics.cfg
File: graphics.cfg 2016/06/04 v1.11 sample graphics configuration
)
Package graphics Info: Driver file: pdftex.def on input line 107.

(/usr/local/texlive/2024/texmf-dist/tex/latex/graphics-def/pdftex.def
File: pdftex.def 2022/09/22 v1.2b Graphics/color driver for pdftex
))
\Gin@req@height=\dimen150
\Gin@req@width=\dimen151
)
(/usr/local/texlive/2024/texmf-dist/tex/latex/caption/subcaption.sty
Package: subcaption 2023/07/28 v1.6b Sub-captions (AR)

(/usr/local/texlive/2024/texmf-dist/tex/latex/caption/caption.sty
Package: caption 2023/08/05 v3.6o Customizing captions (AR)

(/usr/local/texlive/2024/texmf-dist/tex/latex/caption/caption3.sty
Package: caption3 2023/07/31 v2.4d caption3 kernel (AR)
\caption@tempdima=\dimen152
\captionmargin=\dimen153
\caption@leftmargin=\dimen154
\caption@rightmargin=\dimen155
\caption@width=\dimen156
\caption@indent=\dimen157
\caption@parindent=\dimen158
\caption@hangindent=\dimen159
Package caption Info: Standard document class detected.
)
\c@caption@flags=\count275
\c@continuedfloat=\count276
Package caption Info: float package is loaded.
)
Package caption Info: New subtype `subfigure' on input line 238.
\c@subfigure=\count277
Package caption Info: New subtype `subtable' on input line 238.
\c@subtable=\count278
)
(/usr/local/texlive/2024/texmf-dist/tex/latex/psfrag/psfrag.sty
Package: psfrag 1998/04/11 v3.04 PSfrag (MCG)
\pfg@pcount=\count279
\pfg@scount=\count280
\pfg@temp=\write3
)
(/usr/local/texlive/2024/texmf-dist/tex/latex/algorithms/algorithm.sty
Package: algorithm 2009/08/24 v0.1 Document Style `algorithm' - floating enviro
nment

(/usr/local/texlive/2024/texmf-dist/tex/latex/base/ifthen.sty
Package: ifthen 2022/04/13 v1.1d Standard LaTeX ifthen package (DPC)
)
\@float@every@algorithm=\toks34
\c@algorithm=\count281
)
(/usr/local/texlive/2024/texmf-dist/tex/latex/algorithms/algorithmic.sty
Package: algorithmic 2009/08/24 v0.1 Document Style `algorithmic'
\c@ALC@unique=\count282
\c@ALC@line=\count283
\c@ALC@rem=\count284
\c@ALC@depth=\count285
\ALC@tlm=\skip56
\algorithmicindent=\skip57
)
(/usr/local/texlive/2024/texmf-dist/tex/latex/mathtools/mathtools.sty
Package: mathtools 2024/03/11 v1.30 mathematical typesetting tools

(/usr/local/texlive/2024/texmf-dist/tex/latex/tools/calc.sty
Package: calc 2023/07/08 v4.3 Infix arithmetic (KKT,FJ)
\calc@Acount=\count286
\calc@Bcount=\count287
\calc@Adimen=\dimen160
\calc@Bdimen=\dimen161
\calc@Askip=\skip58
\calc@Bskip=\skip59
LaTeX Info: Redefining \setlength on input line 80.
LaTeX Info: Redefining \addtolength on input line 81.
\calc@Ccount=\count288
\calc@Cskip=\skip60
)
(/usr/local/texlive/2024/texmf-dist/tex/latex/mathtools/mhsetup.sty
Package: mhsetup 2021/03/18 v1.4 programming setup (MH)
)
\g_MT_multlinerow_int=\count289
\l_MT_multwidth_dim=\dimen162
\origjot=\skip61
\l_MT_shortvdotswithinadjustabove_dim=\dimen163
\l_MT_shortvdotswithinadjustbelow_dim=\dimen164
\l_MT_above_intertext_sep=\dimen165
\l_MT_below_intertext_sep=\dimen166
\l_MT_above_shortintertext_sep=\dimen167
\l_MT_below_shortintertext_sep=\dimen168
\xmathstrut@box=\box55
\xmathstrut@dim=\dimen169
)
(/usr/local/texlive/2024/texmf-dist/tex/latex/enumitem/enumitem.sty
Package: enumitem 2019/06/20 v3.9 Customized lists
\labelindent=\skip62
\enit@outerparindent=\dimen170
\enit@toks=\toks35
\enit@inbox=\box56
\enit@count@id=\count290
\enitdp@description=\count291
)
(/usr/local/texlive/2024/texmf-dist/tex/latex/multirow/multirow.sty
Package: multirow 2021/03/15 v2.8 Span multiple rows of a table
\multirow@colwidth=\skip63
\multirow@cntb=\count292
\multirow@dima=\skip64
\bigstrutjot=\dimen171
)
(/usr/local/texlive/2024/texmf-dist/tex/latex/ragged2e/ragged2e.sty
Package: ragged2e 2023/06/22 v3.6 ragged2e Package
\CenteringLeftskip=\skip65
\RaggedLeftLeftskip=\skip66
\RaggedRightLeftskip=\skip67
\CenteringRightskip=\skip68
\RaggedLeftRightskip=\skip69
\RaggedRightRightskip=\skip70
\CenteringParfillskip=\skip71
\RaggedLeftParfillskip=\skip72
\RaggedRightParfillskip=\skip73
\JustifyingParfillskip=\skip74
\CenteringParindent=\skip75
\RaggedLeftParindent=\skip76
\RaggedRightParindent=\skip77
\JustifyingParindent=\skip78
)
(/usr/local/texlive/2024/texmf-dist/tex/latex/hyperref/xr-hyper.sty
Package: xr-hyper 2024-01-20 v7.01h eXternal References (DPC)
)
(/usr/local/texlive/2024/texmf-dist/tex/latex/tools/array.sty
Package: array 2023/10/16 v2.5g Tabular extension package (FMi)
\col@sep=\dimen172
\ar@mcellbox=\box57
\extrarowheight=\dimen173
\NC@list=\toks36
\extratabsurround=\skip79
\backup@length=\skip80
\ar@cellbox=\box58
)
(/usr/local/texlive/2024/texmf-dist/tex/latex/hyperref/hyperref.sty
Package: hyperref 2024-01-20 v7.01h Hypertext links for LaTeX

(/usr/local/texlive/2024/texmf-dist/tex/generic/iftex/iftex.sty
Package: iftex 2022/02/03 v1.0f TeX engine tests
)
(/usr/local/texlive/2024/texmf-dist/tex/latex/kvsetkeys/kvsetkeys.sty
Package: kvsetkeys 2022-10-05 v1.19 Key value parser (HO)
)
(/usr/local/texlive/2024/texmf-dist/tex/generic/kvdefinekeys/kvdefinekeys.sty
Package: kvdefinekeys 2019-12-19 v1.6 Define keys (HO)
)
(/usr/local/texlive/2024/texmf-dist/tex/generic/pdfescape/pdfescape.sty
Package: pdfescape 2019/12/09 v1.15 Implements pdfTeX's escape features (HO)

(/usr/local/texlive/2024/texmf-dist/tex/generic/ltxcmds/ltxcmds.sty
Package: ltxcmds 2023-12-04 v1.26 LaTeX kernel commands for general use (HO)
)
(/usr/local/texlive/2024/texmf-dist/tex/generic/pdftexcmds/pdftexcmds.sty
Package: pdftexcmds 2020-06-27 v0.33 Utility functions of pdfTeX for LuaTeX (HO
)

(/usr/local/texlive/2024/texmf-dist/tex/generic/infwarerr/infwarerr.sty
Package: infwarerr 2019/12/03 v1.5 Providing info/warning/error messages (HO)
)
Package pdftexcmds Info: \pdf@primitive is available.
Package pdftexcmds Info: \pdf@ifprimitive is available.
Package pdftexcmds Info: \pdfdraftmode found.
))
(/usr/local/texlive/2024/texmf-dist/tex/latex/hycolor/hycolor.sty
Package: hycolor 2020-01-27 v1.10 Color options for hyperref/bookmark (HO)
)
(/usr/local/texlive/2024/texmf-dist/tex/latex/auxhook/auxhook.sty
Package: auxhook 2019-12-17 v1.6 Hooks for auxiliary files (HO)
)
(/usr/local/texlive/2024/texmf-dist/tex/latex/hyperref/nameref.sty
Package: nameref 2023-11-26 v2.56 Cross-referencing by name of section

(/usr/local/texlive/2024/texmf-dist/tex/latex/refcount/refcount.sty
Package: refcount 2019/12/15 v3.6 Data extraction from label references (HO)
)
(/usr/local/texlive/2024/texmf-dist/tex/generic/gettitlestring/gettitlestring.s
ty
Package: gettitlestring 2019/12/15 v1.6 Cleanup title references (HO)
 (/usr/local/texlive/2024/texmf-dist/tex/latex/kvoptions/kvoptions.sty
Package: kvoptions 2022-06-15 v3.15 Key value format for package options (HO)
))
\c@section@level=\count293
)
(/usr/local/texlive/2024/texmf-dist/tex/latex/etoolbox/etoolbox.sty
Package: etoolbox 2020/10/05 v2.5k e-TeX tools for LaTeX (JAW)
\etb@tempcnta=\count294
)
\@linkdim=\dimen174
\Hy@linkcounter=\count295
\Hy@pagecounter=\count296

(/usr/local/texlive/2024/texmf-dist/tex/latex/hyperref/pd1enc.def
File: pd1enc.def 2024-01-20 v7.01h Hyperref: PDFDocEncoding definition (HO)
Now handling font encoding PD1 ...
... no UTF-8 mapping file for font encoding PD1
)
(/usr/local/texlive/2024/texmf-dist/tex/generic/intcalc/intcalc.sty
Package: intcalc 2019/12/15 v1.3 Expandable calculations with integers (HO)
)
\Hy@SavedSpaceFactor=\count297

(/usr/local/texlive/2024/texmf-dist/tex/latex/hyperref/puenc.def
File: puenc.def 2024-01-20 v7.01h Hyperref: PDF Unicode definition (HO)
Now handling font encoding PU ...
... no UTF-8 mapping file for font encoding PU
)
Package hyperref Info: Option `colorlinks' set `true' on input line 4062.
Package hyperref Info: Hyper figures OFF on input line 4179.
Package hyperref Info: Link nesting OFF on input line 4184.
Package hyperref Info: Hyper index ON on input line 4187.
Package hyperref Info: Plain pages OFF on input line 4194.
Package hyperref Info: Backreferencing OFF on input line 4199.
Package hyperref Info: Implicit mode ON; LaTeX internals redefined.
Package hyperref Info: Bookmarks ON on input line 4446.
\c@Hy@tempcnt=\count298
LaTeX Info: Redefining \url on input line 4784.
\XeTeXLinkMargin=\dimen175

(/usr/local/texlive/2024/texmf-dist/tex/generic/bitset/bitset.sty
Package: bitset 2019/12/09 v1.3 Handle bit-vector datatype (HO)

(/usr/local/texlive/2024/texmf-dist/tex/generic/bigintcalc/bigintcalc.sty
Package: bigintcalc 2019/12/15 v1.5 Expandable calculations on big integers (HO
)
))
\Fld@menulength=\count299
\Field@Width=\dimen176
\Fld@charsize=\dimen177
Package hyperref Info: Hyper figures OFF on input line 6063.
Package hyperref Info: Link nesting OFF on input line 6068.
Package hyperref Info: Hyper index ON on input line 6071.
Package hyperref Info: backreferencing OFF on input line 6078.
Package hyperref Info: Link coloring ON on input line 6081.
Package hyperref Info: Link coloring with OCG OFF on input line 6088.
Package hyperref Info: PDF/A mode OFF on input line 6093.

(/usr/local/texlive/2024/texmf-dist/tex/latex/base/atbegshi-ltx.sty
Package: atbegshi-ltx 2021/01/10 v1.0c Emulation of the original atbegshi
package with kernel methods
)
\Hy@abspage=\count300
\c@Item=\count301
\c@Hfootnote=\count302
)
Package hyperref Info: Driver (autodetected): hpdftex.

(/usr/local/texlive/2024/texmf-dist/tex/latex/hyperref/hpdftex.def
File: hpdftex.def 2024-01-20 v7.01h Hyperref driver for pdfTeX

(/usr/local/texlive/2024/texmf-dist/tex/latex/base/atveryend-ltx.sty
Package: atveryend-ltx 2020/08/19 v1.0a Emulation of the original atveryend pac
kage
with kernel methods
)
\Fld@listcount=\count303
\c@bookmark@seq@number=\count304

(/usr/local/texlive/2024/texmf-dist/tex/latex/rerunfilecheck/rerunfilecheck.sty
Package: rerunfilecheck 2022-07-10 v1.10 Rerun checks for auxiliary files (HO)

(/usr/local/texlive/2024/texmf-dist/tex/generic/uniquecounter/uniquecounter.sty
Package: uniquecounter 2019/12/15 v1.4 Provide unlimited unique counter (HO)
)
Package uniquecounter Info: New unique counter `rerunfilecheck' on input line 2
85.
)
\Hy@SectionHShift=\skip81
) (/usr/local/texlive/2024/texmf-dist/tex/latex/geometry/geometry.sty
Package: geometry 2020/01/02 v5.9 Page Geometry

(/usr/local/texlive/2024/texmf-dist/tex/generic/iftex/ifvtex.sty
Package: ifvtex 2019/10/25 v1.7 ifvtex legacy package. Use iftex instead.
)
\Gm@cnth=\count305
\Gm@cntv=\count306
\c@Gm@tempcnt=\count307
\Gm@bindingoffset=\dimen178
\Gm@wd@mp=\dimen179
\Gm@odd@mp=\dimen180
\Gm@even@mp=\dimen181
\Gm@layoutwidth=\dimen182
\Gm@layoutheight=\dimen183
\Gm@layouthoffset=\dimen184
\Gm@layoutvoffset=\dimen185
\Gm@dimlist=\toks37
)
(/usr/local/texlive/2024/texmf-dist/tex/latex/natbib/natbib.sty
Package: natbib 2010/09/13 8.31b (PWD, AO)
\bibhang=\skip82
\bibsep=\skip83
LaTeX Info: Redefining \cite on input line 694.
\c@NAT@ctr=\count308
)
(/usr/local/texlive/2024/texmf-dist/tex/latex/base/inputenc.sty
Package: inputenc 2021/02/14 v1.3d Input encoding file
\inpenc@prehook=\toks38
\inpenc@posthook=\toks39
)
(/usr/local/texlive/2024/texmf-dist/tex/latex/base/fontenc.sty
Package: fontenc 2021/04/29 v2.0v Standard LaTeX package
)
(/usr/local/texlive/2024/texmf-dist/tex/latex/booktabs/booktabs.sty
Package: booktabs 2020/01/12 v1.61803398 Publication quality tables
\heavyrulewidth=\dimen186
\lightrulewidth=\dimen187
\cmidrulewidth=\dimen188
\belowrulesep=\dimen189
\belowbottomsep=\dimen190
\aboverulesep=\dimen191
\abovetopsep=\dimen192
\cmidrulesep=\dimen193
\cmidrulekern=\dimen194
\defaultaddspace=\dimen195
\@cmidla=\count309
\@cmidlb=\count310
\@aboverulesep=\dimen196
\@belowrulesep=\dimen197
\@thisruleclass=\count311
\@lastruleclass=\count312
\@thisrulewidth=\dimen198
)
(/usr/local/texlive/2024/texmf-dist/tex/latex/units/nicefrac.sty
Package: nicefrac 1998/08/04 v0.9b Nice fractions
\L@UnitsRaiseDisplaystyle=\skip84
\L@UnitsRaiseTextstyle=\skip85
\L@UnitsRaiseScriptstyle=\skip86
)
(/usr/local/texlive/2024/texmf-dist/tex/latex/microtype/microtype.sty
Package: microtype 2023/03/13 v3.1a Micro-typographical refinements (RS)
\MT@toks=\toks40
\MT@tempbox=\box59
\MT@count=\count313
LaTeX Info: Redefining \noprotrusionifhmode on input line 1059.
LaTeX Info: Redefining \leftprotrusion on input line 1060.
\MT@prot@toks=\toks41
LaTeX Info: Redefining \rightprotrusion on input line 1078.
LaTeX Info: Redefining \textls on input line 1368.
\MT@outer@kern=\dimen199
LaTeX Info: Redefining \textmicrotypecontext on input line 1988.
\MT@listname@count=\count314

(/usr/local/texlive/2024/texmf-dist/tex/latex/microtype/microtype-pdftex.def
File: microtype-pdftex.def 2023/03/13 v3.1a Definitions specific to pdftex (RS)

LaTeX Info: Redefining \lsstyle on input line 902.
LaTeX Info: Redefining \lslig on input line 902.
\MT@outer@space=\skip87
)
Package microtype Info: Loading configuration file microtype.cfg.

(/usr/local/texlive/2024/texmf-dist/tex/latex/microtype/microtype.cfg
File: microtype.cfg 2023/03/13 v3.1a microtype main configuration file (RS)
))
\c@theorem=\count315
\c@lemma=\count316
\c@corollary=\count317
\c@proposition=\count318
\c@remark=\count319
\c@definition=\count320
)
(/usr/local/texlive/2024/texmf-dist/tex/latex/adjustbox/adjustbox.sty
Package: adjustbox 2022/10/17 v1.3a Adjusting TeX boxes (trim, clip, ...)

(/usr/local/texlive/2024/texmf-dist/tex/latex/xkeyval/xkeyval.sty
Package: xkeyval 2022/06/16 v2.9 package option processing (HA)

(/usr/local/texlive/2024/texmf-dist/tex/generic/xkeyval/xkeyval.tex
(/usr/local/texlive/2024/texmf-dist/tex/generic/xkeyval/xkvutils.tex
\XKV@toks=\toks42
\XKV@tempa@toks=\toks43
)
\XKV@depth=\count321
File: xkeyval.tex 2014/12/03 v2.7a key=value parser (HA)
))
(/usr/local/texlive/2024/texmf-dist/tex/latex/adjustbox/adjcalc.sty
Package: adjcalc 2012/05/16 v1.1 Provides advanced setlength with multiple back
-ends (calc, etex, pgfmath)
)
(/usr/local/texlive/2024/texmf-dist/tex/latex/adjustbox/trimclip.sty
Package: trimclip 2020/08/19 v1.2 Trim and clip general TeX material

(/usr/local/texlive/2024/texmf-dist/tex/latex/collectbox/collectbox.sty
Package: collectbox 2022/10/17 v0.4c Collect macro arguments as boxes
\collectedbox=\box60
)
\tc@llx=\dimen256
\tc@lly=\dimen257
\tc@urx=\dimen258
\tc@ury=\dimen259
Package trimclip Info: Using driver 'tc-pdftex.def'.

(/usr/local/texlive/2024/texmf-dist/tex/latex/adjustbox/tc-pdftex.def
File: tc-pdftex.def 2019/01/04 v2.2 Clipping driver for pdftex
))
\adjbox@Width=\dimen260
\adjbox@Height=\dimen261
\adjbox@Depth=\dimen262
\adjbox@Totalheight=\dimen263
\adjbox@pwidth=\dimen264
\adjbox@pheight=\dimen265
\adjbox@pdepth=\dimen266
\adjbox@ptotalheight=\dimen267

(/usr/local/texlive/2024/texmf-dist/tex/latex/ifoddpage/ifoddpage.sty
Package: ifoddpage 2022/10/18 v1.2 Conditionals for odd/even page detection
\c@checkoddpage=\count322
)
(/usr/local/texlive/2024/texmf-dist/tex/latex/varwidth/varwidth.sty
Package: varwidth 2009/03/30 ver 0.92;  Variable-width minipages
\@vwid@box=\box61
\sift@deathcycles=\count323
\@vwid@loff=\dimen268
\@vwid@roff=\dimen269
))
(/usr/local/texlive/2024/texmf-dist/tex/latex/xcolor/xcolor.sty
Package: xcolor 2023/11/15 v3.01 LaTeX color extensions (UK)

(/usr/local/texlive/2024/texmf-dist/tex/latex/graphics-cfg/color.cfg
File: color.cfg 2016/01/02 v1.6 sample color configuration
)
Package xcolor Info: Driver file: pdftex.def on input line 274.

(/usr/local/texlive/2024/texmf-dist/tex/latex/graphics/mathcolor.ltx)
Package xcolor Info: Model `cmy' substituted by `cmy0' on input line 1350.
Package xcolor Info: Model `hsb' substituted by `rgb' on input line 1354.
Package xcolor Info: Model `RGB' extended on input line 1366.
Package xcolor Info: Model `HTML' substituted by `rgb' on input line 1368.
Package xcolor Info: Model `Hsb' substituted by `hsb' on input line 1369.
Package xcolor Info: Model `tHsb' substituted by `hsb' on input line 1370.
Package xcolor Info: Model `HSB' substituted by `hsb' on input line 1371.
Package xcolor Info: Model `Gray' substituted by `gray' on input line 1372.
Package xcolor Info: Model `wave' substituted by `hsb' on input line 1373.
)
(/usr/local/texlive/2024/texmf-dist/tex/latex/l3backend/l3backend-pdftex.def
File: l3backend-pdftex.def 2024-02-20 L3 backend support: PDF output (pdfTeX)
\l__color_backend_stack_int=\count324
\l__pdf_internal_box=\box62
)
No file revised.aux.
\openout1 = `revised.aux'.

LaTeX Font Info:    Checking defaults for OML/cmm/m/it on input line 33.
LaTeX Font Info:    ... okay on input line 33.
LaTeX Font Info:    Checking defaults for OMS/cmsy/m/n on input line 33.
LaTeX Font Info:    ... okay on input line 33.
LaTeX Font Info:    Checking defaults for OT1/cmr/m/n on input line 33.
LaTeX Font Info:    ... okay on input line 33.
LaTeX Font Info:    Checking defaults for T1/cmr/m/n on input line 33.
LaTeX Font Info:    ... okay on input line 33.
LaTeX Font Info:    Checking defaults for TS1/cmr/m/n on input line 33.
LaTeX Font Info:    ... okay on input line 33.
LaTeX Font Info:    Checking defaults for OMX/cmex/m/n on input line 33.
LaTeX Font Info:    ... okay on input line 33.
LaTeX Font Info:    Checking defaults for U/cmr/m/n on input line 33.
LaTeX Font Info:    ... okay on input line 33.
LaTeX Font Info:    Checking defaults for PD1/pdf/m/n on input line 33.
LaTeX Font Info:    ... okay on input line 33.
LaTeX Font Info:    Checking defaults for PU/pdf/m/n on input line 33.
LaTeX Font Info:    ... okay on input line 33.
(/usr/local/texlive/2024/texmf-dist/tex/context/base/mkii/supp-pdf.mkii
[Loading MPS to PDF converter (version 2006.09.02).]
\scratchcounter=\count325
\scratchdimen=\dimen270
\scratchbox=\box63
\nofMPsegments=\count326
\nofMParguments=\count327
\everyMPshowfont=\toks44
\MPscratchCnt=\count328
\MPscratchDim=\dimen271
\MPnumerator=\count329
\makeMPintoPDFobject=\count330
\everyMPtoPDFconversion=\toks45
) (/usr/local/texlive/2024/texmf-dist/tex/latex/epstopdf-pkg/epstopdf-base.sty
Package: epstopdf-base 2020-01-24 v2.11 Base part for package epstopdf
Package epstopdf-base Info: Redefining graphics rule for `.eps' on input line 4
85.

(/usr/local/texlive/2024/texmf-dist/tex/latex/latexconfig/epstopdf-sys.cfg
File: epstopdf-sys.cfg 2010/07/13 v1.3 Configuration of (r)epstopdf for TeX Liv
e
))
Package caption Info: Begin \AtBeginDocument code.
Package caption Info: hyperref package is loaded.
Package caption Info: End \AtBeginDocument code.
Package hyperref Info: Link coloring ON on input line 33.
\@outlinefile=\write4
\openout4 = `revised.out'.


*geometry* driver: auto-detecting
*geometry* detected driver: pdftex
*geometry* verbose mode - [ preamble ] result:
* driver: pdftex
* paper: <default>
* layout: <same size as paper>
* layoutoffset:(h,v)=(0.0pt,0.0pt)
* modes: 
* h-part:(L,W,R)=(72.26999pt, 469.75502pt, 72.26999pt)
* v-part:(T,H,B)=(72.26999pt, 650.43001pt, 72.26999pt)
* \paperwidth=614.295pt
* \paperheight=794.96999pt
* \textwidth=469.75502pt
* \textheight=650.43001pt
* \oddsidemargin=0.0pt
* \evensidemargin=0.0pt
* \topmargin=-37.0pt
* \headheight=12.0pt
* \headsep=25.0pt
* \topskip=10.0pt
* \footskip=30.0pt
* \marginparwidth=65.0pt
* \marginparsep=11.0pt
* \columnsep=10.0pt
* \skip\footins=9.0pt plus 4.0pt minus 2.0pt
* \hoffset=0.0pt
* \voffset=0.0pt
* \mag=1000
* \@twocolumnfalse
* \@twosidefalse
* \@mparswitchfalse
* \@reversemarginfalse
* (1in=72.27pt=25.4mm, 1cm=28.453pt)

LaTeX Info: Redefining \microtypecontext on input line 33.
Package microtype Info: Applying patch `item' on input line 33.
Package microtype Info: Applying patch `toc' on input line 33.
Package microtype Info: Applying patch `eqnum' on input line 33.
Package microtype Info: Applying patch `footnote' on input line 33.
Package microtype Info: Applying patch `verbatim' on input line 33.
Package microtype Info: Generating PDF output.
Package microtype Info: Character protrusion enabled (level 2).
Package microtype Info: Using default protrusion set `alltext'.
Package microtype Info: Automatic font expansion enabled (level 2),
(microtype)             stretch: 20, shrink: 20, step: 1, non-selected.
Package microtype Info: Using default expansion set `alltext-nott'.
LaTeX Info: Redefining \showhyphens on input line 33.
Package microtype Info: No adjustment of tracking.
Package microtype Info: No adjustment of interword spacing.
Package microtype Info: No adjustment of character kerning.
(/usr/local/texlive/2024/texmf-dist/tex/latex/microtype/mt-cmr.cfg
File: mt-cmr.cfg 2013/05/19 v2.2 microtype config. file: Computer Modern Roman 
(RS)
)
LaTeX Font Info:    Trying to load font information for U+msa on input line 35.


(/usr/local/texlive/2024/texmf-dist/tex/latex/amsfonts/umsa.fd
File: umsa.fd 2013/01/14 v3.01 AMS symbols A
)
(/usr/local/texlive/2024/texmf-dist/tex/latex/microtype/mt-msa.cfg
File: mt-msa.cfg 2006/02/04 v1.1 microtype config. file: AMS symbols (a) (RS)
)
LaTeX Font Info:    Trying to load font information for U+msb on input line 35.


(/usr/local/texlive/2024/texmf-dist/tex/latex/amsfonts/umsb.fd
File: umsb.fd 2013/01/14 v3.01 AMS symbols B
)
(/usr/local/texlive/2024/texmf-dist/tex/latex/microtype/mt-msb.cfg
File: mt-msb.cfg 2005/06/01 v1.0 microtype config. file: AMS symbols (b) (RS)
)

Package natbib Warning: Citation `nishiuraEx1' on page 1 undefined on input lin
e 55.


Package natbib Warning: Citation `nishiuraEx2' on page 1 undefined on input lin
e 55.


Package natbib Warning: Citation `timevar_ifr' on page 1 undefined on input lin
e 55.


Package natbib Warning: Citation `lancet_ifr' on page 1 undefined on input line
 55.


Package natbib Warning: Citation `HFR_linelist3' on page 1 undefined on input l
ine 60.


Package natbib Warning: Citation `HFR_linelist1' on page 1 undefined on input l
ine 60.


Package natbib Warning: Citation `HFR_linelist2' on page 1 undefined on input l
ine 60.


Package natbib Warning: Citation `HFR_linelist3' on page 1 undefined on input l
ine 64.


Package natbib Warning: Citation `cfr_line_list' on page 1 undefined on input l
ine 64.


Package natbib Warning: Citation `yuan2020monitoring' on page 1 undefined on in
put line 70.


Package natbib Warning: Citation `horita2022global' on page 1 undefined on inpu
t line 70.


Package natbib Warning: Citation `LIU2023100350' on page 1 undefined on input l
ine 70.


Package natbib Warning: Citation `germany' on page 1 undefined on input line 70
.


Package natbib Warning: Citation `atlantic' on page 1 undefined on input line 7
1.


Package natbib Warning: Citation `wsj' on page 1 undefined on input line 71.


Package natbib Warning: Citation `nyt' on page 1 undefined on input line 71.


Package natbib Warning: Citation `ahmad2023covid' on page 1 undefined on input 
line 72.


Package natbib Warning: Citation `mississippi' on page 1 undefined on input lin
e 72.


Package natbib Warning: Citation `whitehouse2020mcenany' on page 1 undefined on
 input line 72.


Package natbib Warning: Citation `whitehouse2021briefing' on page 1 undefined o
n input line 72.


Package natbib Warning: Citation `nishiuraEx1' on page 1 undefined on input lin
e 76.


Package natbib Warning: Citation `ghani' on page 1 undefined on input line 76.


Package natbib Warning: Citation `jewell2007nonparametric' on page 1 undefined 
on input line 76.


Package natbib Warning: Citation `reich2012estimating' on page 1 undefined on i
nput line 76.


Package natbib Warning: Citation `lancet_controversial' on page 1 undefined on 
input line 76.


Package natbib Warning: Citation `timevar_ifr' on page 1 undefined on input lin
e 84.

LaTeX Font Info:    Trying to load font information for T1+cmtt on input line 1
04.
(/usr/local/texlive/2024/texmf-dist/tex/latex/base/t1cmtt.fd
File: t1cmtt.fd 2023/04/13 v2.5m Standard LaTeX font definitions
)
Package microtype Info: Loading generic protrusion settings for font family
(microtype)             `cmtt' (encoding: T1).
(microtype)             For optimal results, create family-specific settings.
(microtype)             See the microtype manual for details.
 [1
Non-PDF special ignored!
<special> header=psfrag.pro

{/usr/local/texlive/2024/texmf-var/fonts/map/pdftex/updmap/pdftex.map}{/usr/loc
al/texlive/2024/texmf-dist/fonts/enc/dvips/cm-super/cm-super-t1.enc}{/usr/local
/texlive/2024/texmf-dist/fonts/enc/dvips/cm-super/cm-super-ts1.enc}]

LaTeX Warning: Reference `sec:setup' on page 2 undefined on input line 140.


Package natbib Warning: Citation `wsj' on page 2 undefined on input line 149.


Package natbib Warning: Citation `atlantic' on page 2 undefined on input line 1
49.


Package natbib Warning: Citation `yuan2020monitoring' on page 2 undefined on in
put line 149.


Package natbib Warning: Citation `timevar_ifr' on page 2 undefined on input lin
e 149.


Package natbib Warning: Citation `thomas2021estimating' on page 2 undefined on 
input line 149.


Package natbib Warning: Citation `horita2022global' on page 2 undefined on inpu
t line 149.


Package natbib Warning: Citation `LIU2023100350' on page 2 undefined on input l
ine 149.


Package natbib Warning: Citation `germany' on page 2 undefined on input line 14
9.


Package natbib Warning: Citation `delay_distrs' on page 2 undefined on input li
ne 179.

[2]

LaTeX Warning: Reference `eq:model' on page 3 undefined on input line 195.


Package natbib Warning: Citation `UKpaper' on page 3 undefined on input line 19
7.


LaTeX Warning: Reference `eq:conv' on page 3 undefined on input line 207.


LaTeX Warning: Reference `eq:model' on page 3 undefined on input line 207.


LaTeX Warning: Reference `eq:conv' on page 3 undefined on input line 208.


Package natbib Warning: Citation `nishiura' on page 3 undefined on input line 2
16.


LaTeX Warning: Reference `eq:conv' on page 3 undefined on input line 218.


Package natbib Warning: Citation `nishiuraEx1' on page 3 undefined on input lin
e 222.


Package natbib Warning: Citation `nishiuraEx2' on page 3 undefined on input lin
e 222.


Package natbib Warning: Citation `Russell2020' on page 3 undefined on input lin
e 222.


Package natbib Warning: Citation `Unnikrishnan2021' on page 3 undefined on inpu
t line 222.


Package natbib Warning: Citation `cfr_package' on page 3 undefined on input lin
e 224.


LaTeX Warning: Reference `eq:conv' on page 3 undefined on input line 227.


LaTeX Warning: Reference `eq:lagged' on page 3 undefined on input line 228.


LaTeX Warning: Reference `eq:conv' on page 3 undefined on input line 230.


LaTeX Warning: Reference `eq:lagged' on page 3 undefined on input line 230.


LaTeX Warning: Reference `eq:severity' on page 3 undefined on input line 235.


LaTeX Warning: Reference `eq:lagged' on page 3 undefined on input line 247.


LaTeX Warning: Reference `eq:conv' on page 3 undefined on input line 247.


LaTeX Warning: Reference `eq:severity' on page 3 undefined on input line 251.


Package natbib Warning: Citation `fraser2007' on page 3 undefined on input line
 257.


Package natbib Warning: Citation `wallinga2007how' on page 3 undefined on input
 line 257.


LaTeX Warning: Reference `eq:conv' on page 3 undefined on input line 264.


LaTeX Warning: Reference `eq:instRt' on page 3 undefined on input line 264.


Package natbib Warning: Citation `cori2013new' on page 3 undefined on input lin
e 267.

[3]

LaTeX Warning: Reference `eq:conv' on page 4 undefined on input line 274.


LaTeX Warning: Reference `prop:OracleBias' on page 4 undefined on input line 29
3.


LaTeX Warning: Reference `apx:OracleBias' on page 4 undefined on input line 294
.


LaTeX Warning: Reference `fig:wellspecified' on page 4 undefined on input line 
300.


LaTeX Warning: Reference `fig:toy_hfr' on page 4 undefined on input line 312.


LaTeX Warning: Reference `sec:results' on page 4 undefined on input line 327.


LaTeX Warning: Reference `fig:toy_delay' on page 4 undefined on input line 328.



LaTeX Warning: Reference `fig:toy_primary' on page 4 undefined on input line 33
8.

<Figures/Simulated/toy_chging_hfr.pdf, id=52, 433.62pt x 433.62pt>
File: Figures/Simulated/toy_chging_hfr.pdf Graphic file (type pdf)
<use Figures/Simulated/toy_chging_hfr.pdf>
Package pdftex.def Info: Figures/Simulated/toy_chging_hfr.pdf  used on input li
ne 345.
(pdftex.def)             Requested size: 152.66895pt x 152.66911pt.
<Figures/Simulated/toy_delay_distr.pdf, id=53, 433.62pt x 433.62pt>
File: Figures/Simulated/toy_delay_distr.pdf Graphic file (type pdf)
<use Figures/Simulated/toy_delay_distr.pdf>
Package pdftex.def Info: Figures/Simulated/toy_delay_distr.pdf  used on input l
ine 351.
(pdftex.def)             Requested size: 152.66895pt x 152.66911pt.
<Figures/Simulated/toy_chging_primary.pdf, id=54, 433.62pt x 433.62pt>
File: Figures/Simulated/toy_chging_primary.pdf Graphic file (type pdf)
<use Figures/Simulated/toy_chging_primary.pdf>
Package pdftex.def Info: Figures/Simulated/toy_chging_primary.pdf  used on inpu
t line 357.
(pdftex.def)             Requested size: 152.66895pt x 152.66911pt.

LaTeX Warning: Reference `eq:OracleBias' on page 4 undefined on input line 371.



LaTeX Warning: Reference `eq:model' on page 4 undefined on input line 371.


LaTeX Warning: Reference `sec:setup' on page 4 undefined on input line 371.


LaTeX Warning: Reference `eq:OracleBias' on page 4 undefined on input line 371.



LaTeX Warning: Reference `eq:model' on page 4 undefined on input line 371.


LaTeX Warning: Reference `sec:setup' on page 4 undefined on input line 371.


LaTeX Warning: Reference `apx:analysis' on page 4 undefined on input line 375.


LaTeX Warning: Reference `eq:OracleBias' on page 4 undefined on input line 376.



LaTeX Warning: Reference `prop:OracleBias' on page 4 undefined on input line 37
7.


LaTeX Warning: Reference `eq:conv' on page 4 undefined on input line 382.


LaTeX Warning: Reference `eq:model' on page 4 undefined on input line 384.


LaTeX Warning: Reference `prop:MispBias' on page 4 undefined on input line 403.



LaTeX Warning: Reference `apx:MispBias' on page 4 undefined on input line 404.

[4]

LaTeX Warning: Reference `eq:MispBias' on page 5 undefined on input line 422.


LaTeX Warning: Reference `prop:OracleBias' on page 5 undefined on input line 42
4.


LaTeX Warning: Reference `eq:MispBias' on page 5 undefined on input line 426.


LaTeX Warning: Reference `sec:results' on page 5 undefined on input line 438.


LaTeX Warning: Reference `eq:lagged' on page 5 undefined on input line 447.


LaTeX Warning: Reference `eq:MispBias' on page 5 undefined on input line 450.

[5 <./Figures/Simulated/toy_chging_hfr.pdf> <./Figures/Simulated/toy_delay_dist
r.pdf> <./Figures/Simulated/toy_chging_primary.pdf>]

LaTeX Warning: Reference `fig:misspecified' on page 6 undefined on input line 4
61.


LaTeX Warning: Reference `fig:misspecified' on page 6 undefined on input line 4
84.

<Figures/Simulated/toy_misp.pdf, id=92, 650.43pt x 794.97pt>
File: Figures/Simulated/toy_misp.pdf Graphic file (type pdf)
<use Figures/Simulated/toy_misp.pdf>
Package pdftex.def Info: Figures/Simulated/toy_misp.pdf  used on input line 492
.
(pdftex.def)             Requested size: 422.77664pt x 516.73651pt.

LaTeX Warning: Reference `fig:wellspecified' on page 6 undefined on input line 
501.


LaTeX Warning: Reference `eq:model' on page 6 undefined on input line 501.


LaTeX Warning: Reference `sec:setup' on page 6 undefined on input line 501.


LaTeX Warning: Reference `fig:wellspecified' on page 6 undefined on input line 
501.


LaTeX Warning: Reference `eq:model' on page 6 undefined on input line 501.


LaTeX Warning: Reference `sec:setup' on page 6 undefined on input line 501.


LaTeX Warning: Reference `fig:misspecified' on page 6 undefined on input line 5
21.


LaTeX Warning: Reference `fig:misspecified' on page 6 undefined on input line 5
40.


LaTeX Warning: Reference `fig:wellspecified' on page 6 undefined on input line 
553.


LaTeX Warning: Reference `fig:misspecified' on page 6 undefined on input line 5
53.


LaTeX Warning: Reference `sec:results' on page 6 undefined on input line 554.


Package natbib Warning: Citation `HHS2023' on page 6 undefined on input line 56
3.

[6] [7 <./Figures/Simulated/toy_misp.pdf>]

Package natbib Warning: Citation `JHU' on page 8 undefined on input line 571.


Package natbib Warning: Citation `Jahja2022' on page 8 undefined on input line 
574.


Package natbib Warning: Citation `Epidata' on page 8 undefined on input line 59
1.


LaTeX Warning: Reference `sec:results' on page 8 undefined on input line 612.


Package natbib Warning: Citation `UKdelay' on page 8 undefined on input line 61
8.


Package natbib Warning: Citation `cdc_deaths_demographic_geographic_2023' on pa
ge 8 undefined on input line 623.


LaTeX Warning: Reference `apx:robustness' on page 8 undefined on input line 627
.


LaTeX Warning: Reference `fig:lag' on page 8 undefined on input line 629.


LaTeX Warning: Reference `fig:delays' on page 8 undefined on input line 629.


Package natbib Warning: Citation `NHCS2023' on page 8 undefined on input line 6
37.


Package natbib Warning: Citation `ahmad2023covid' on page 8 undefined on input 
line 640.


LaTeX Warning: Reference `sec:results' on page 8 undefined on input line 650.


LaTeX Warning: Reference `apx:alternatives' on page 8 undefined on input line 6
52.


LaTeX Warning: Reference `fig:approxGT' on page 8 undefined on input line 654.

[8]

LaTeX Warning: Reference `fig:basic_est_vs_gt_figs' on page 9 undefined on inpu
t line 669.


LaTeX Warning: Reference `sec:setup' on page 9 undefined on input line 671.


LaTeX Warning: Reference `eq:conv' on page 9 undefined on input line 674.


LaTeX Warning: Reference `eq:lagged' on page 9 undefined on input line 674.


LaTeX Warning: Reference `apx:robustness' on page 9 undefined on input line 677
.


LaTeX Warning: Reference `fig:window' on page 9 undefined on input line 679.

<Figures/Real/US_ests_realtime.pdf, id=125, 722.7pt x 361.35pt>
File: Figures/Real/US_ests_realtime.pdf Graphic file (type pdf)
<use Figures/Real/US_ests_realtime.pdf>
Package pdftex.def Info: Figures/Real/US_ests_realtime.pdf  used on input line 
685.
(pdftex.def)             Requested size: 469.75502pt x 234.88023pt.
<Figures/Real/hfrs_by_wave.pdf, id=126, 722.7pt x 289.08pt>
File: Figures/Real/hfrs_by_wave.pdf Graphic file (type pdf)
<use Figures/Real/hfrs_by_wave.pdf>
Package pdftex.def Info: Figures/Real/hfrs_by_wave.pdf  used on input line 693.

(pdftex.def)             Requested size: 469.75502pt x 187.90417pt.

LaTeX Warning: Reference `sec:wellspecified' on page 9 undefined on input line 
716.


LaTeX Warning: Reference `sec:misspecified' on page 9 undefined on input line 7
17.


LaTeX Warning: Reference `prop:OracleBias' on page 9 undefined on input line 72
2.


LaTeX Warning: Reference `fig:delays' on page 9 undefined on input line 724.


LaTeX Warning: Reference `apx:robustness' on page 9 undefined on input line 725
.


LaTeX Warning: Reference `prop:OracleBias' on page 9 undefined on input line 72
8.


LaTeX Warning: Reference `apx:alternatives' on page 9 undefined on input line 7
40.


LaTeX Warning: Reference `fig:jhu_vs_nchs' on page 9 undefined on input line 74
1.


LaTeX Warning: Reference `sec:misspecified' on page 9 undefined on input line 7
46.

[9]

LaTeX Warning: Reference `apx:robustness' on page 10 undefined on input line 76
7.


LaTeX Warning: Reference `fig:rt_and_final' on page 10 undefined on input line 
768.


LaTeX Warning: Reference `fig:window' on page 10 undefined on input line 770.


LaTeX Warning: Reference `fig:lag' on page 10 undefined on input line 770.


LaTeX Warning: Reference `fig:delays' on page 10 undefined on input line 770.


LaTeX Warning: Reference `fig:state-level' on page 10 undefined on input line 7
71.


LaTeX Warning: Reference `eq:model' on page 10 undefined on input line 779.

[10 <./Figures/Real/US_ests_realtime.pdf> <./Figures/Real/hfrs_by_wave.pdf>]

LaTeX Warning: Reference `prop:MispBias' on page 11 undefined on input line 799
.

<Figures/Simulated/simulated_results_corr_lag.pdf, id=155, 650.43pt x 614.295pt
>
File: Figures/Simulated/simulated_results_corr_lag.pdf Graphic file (type pdf)
<use Figures/Simulated/simulated_results_corr_lag.pdf>
Package pdftex.def Info: Figures/Simulated/simulated_results_corr_lag.pdf  used
 on input line 813.
(pdftex.def)             Requested size: 469.75502pt x 443.66994pt.

LaTeX Warning: Reference `fig:wellspecified' on page 11 undefined on input line
 824.


LaTeX Warning: Reference `fig:misspecified' on page 11 undefined on input line 
824.


LaTeX Warning: Reference `fig:sims' on page 11 undefined on input line 829.


LaTeX Warning: Reference `sec:misspecified' on page 11 undefined on input line 
846.


LaTeX Warning: Reference `eq:MispBias' on page 11 undefined on input line 873.


LaTeX Warning: Reference `fig:sims' on page 11 undefined on input line 874.


LaTeX Warning: Reference `sec:misspecified' on page 11 undefined on input line 
877.

[11]

LaTeX Warning: Reference `prop:OracleBias' on page 12 undefined on input line 9
05.


LaTeX Warning: Reference `prop:MispBias' on page 12 undefined on input line 906
.

[12 <./Figures/Simulated/simulated_results_corr_lag.pdf>]

Package natbib Warning: Citation `fusedlasso' on page 13 undefined on input lin
e 931.


Package natbib Warning: Citation `Tibshirani2014' on page 13 undefined on input
 line 950.


Package natbib Warning: Citation `Jahja2022' on page 13 undefined on input line
 951.


LaTeX Warning: Reference `sec:setup' on page 13 undefined on input line 971.


Package natbib Warning: Citation `lipsitch2015potential' on page 13 undefined o
n input line 973.


Package natbib Warning: Citation `Tsang2021' on page 13 undefined on input line
 976.


Package natbib Warning: Citation `reich2012estimating' on page 13 undefined on 
input line 976.


Package natbib Warning: Citation `anastasios' on page 13 undefined on input lin
e 979.


LaTeX Warning: Reference `sec:defs' on page 13 undefined on input line 983.


Package natbib Warning: Citation `fraser2007' on page 13 undefined on input lin
e 987.


Package natbib Warning: Citation `rt_study' on page 13 undefined on input line 
989.

[13]
No file revised.bbl.

LaTeX Warning: Reference `apx:OracleBias' on page 14 undefined on input line 10
02.


LaTeX Warning: Reference `apx:MispBias' on page 14 undefined on input line 1002
.


LaTeX Warning: Reference `prop:OracleBias' on page 14 undefined on input line 1
005.


LaTeX Warning: Reference `prop:OracleBias' on page 14 undefined on input line 1
008.


LaTeX Warning: Reference `prop:MispBias' on page 14 undefined on input line 103
0.


LaTeX Warning: Reference `prop:MispBias' on page 14 undefined on input line 103
2.


LaTeX Warning: Reference `eq:OracleBias' on page 14 undefined on input line 105
4.


LaTeX Warning: Reference `sec:wellspecified' on page 14 undefined on input line
 1055.

<Figures/Simulated/sim_onehot.pdf, id=178, 505.89pt x 361.35pt>
File: Figures/Simulated/sim_onehot.pdf Graphic file (type pdf)
<use Figures/Simulated/sim_onehot.pdf>
Package pdftex.def Info: Figures/Simulated/sim_onehot.pdf  used on input line 1
072.
(pdftex.def)             Requested size: 232.52643pt x 166.09068pt.
<Figures/Simulated/sim_chging_primary.pdf, id=179, 505.89pt x 361.35pt>
File: Figures/Simulated/sim_chging_primary.pdf Graphic file (type pdf)
<use Figures/Simulated/sim_chging_primary.pdf>
Package pdftex.def Info: Figures/Simulated/sim_chging_primary.pdf  used on inpu
t line 1080.
(pdftex.def)             Requested size: 232.52643pt x 166.09068pt.

LaTeX Warning: Reference `fig:onehot' on page 14 undefined on input line 1090.


LaTeX Warning: Reference `eq:OracleBias' on page 14 undefined on input line 109
6.

[14

]

LaTeX Warning: Reference `fig:chging_primary' on page 15 undefined on input lin
e 1107.


LaTeX Warning: Reference `prop:MispBias' on page 15 undefined on input line 112
0.


LaTeX Warning: Reference `fig:jhu_vs_nchs' on page 15 undefined on input line 1
150.

<Figures/Real/jhu_vs_nchs.pdf, id=188, 722.7pt x 289.08pt>
File: Figures/Real/jhu_vs_nchs.pdf Graphic file (type pdf)
<use Figures/Real/jhu_vs_nchs.pdf>
Package pdftex.def Info: Figures/Real/jhu_vs_nchs.pdf  used on input line 1156.

(pdftex.def)             Requested size: 469.75502pt x 187.90417pt.

LaTeX Warning: `h' float specifier changed to `ht'.

<Figures/Real/ApproxGT.pdf, id=189, 722.7pt x 289.08pt>
File: Figures/Real/ApproxGT.pdf Graphic file (type pdf)
<use Figures/Real/ApproxGT.pdf>
Package pdftex.def Info: Figures/Real/ApproxGT.pdf  used on input line 1166.
(pdftex.def)             Requested size: 469.75502pt x 187.90417pt.

Package natbib Warning: Citation `Hodcroft2021' on page 15 undefined on input l
ine 1182.


Package natbib Warning: Citation `adjei2022mortality' on page 15 undefined on i
nput line 1185.

[15 <./Figures/Simulated/sim_onehot.pdf> <./Figures/Simulated/sim_chging_primar
y.pdf>]

LaTeX Warning: Reference `fig:approxGT' on page 16 undefined on input line 1187
.


LaTeX Warning: Reference `eq:LagBias' on page 16 undefined on input line 1191.


LaTeX Warning: Reference `sec:results_real' on page 16 undefined on input line 
1200.


LaTeX Warning: Reference `fig:rt_and_final' on page 16 undefined on input line 
1203.


LaTeX Warning: Reference `fig:basic_est_vs_gt_figs' on page 16 undefined on inp
ut line 1205.

[16 <./Figures/Real/jhu_vs_nchs.pdf> <./Figures/Real/ApproxGT.pdf>]
<Figures/Real/US_ests_realtime_both.pdf, id=228, 722.7pt x 361.35pt>
File: Figures/Real/US_ests_realtime_both.pdf Graphic file (type pdf)
<use Figures/Real/US_ests_realtime_both.pdf>
Package pdftex.def Info: Figures/Real/US_ests_realtime_both.pdf  used on input 
line 1217.
(pdftex.def)             Requested size: 469.75502pt x 234.88023pt.


LaTeX Warning: Reference `fig:window' on page 17 undefined on input line 1235.

<Figures/Real/window_size_conv.pdf, id=229, 722.7pt x 289.08pt>
File: Figures/Real/window_size_conv.pdf Graphic file (type pdf)
<use Figures/Real/window_size_conv.pdf>
Package pdftex.def Info: Figures/Real/window_size_conv.pdf  used on input line 
1241.
(pdftex.def)             Requested size: 446.26582pt x 178.50874pt.
<Figures/Real/window_size_lagg.pdf, id=230, 722.7pt x 289.08pt>
File: Figures/Real/window_size_lagg.pdf Graphic file (type pdf)
<use Figures/Real/window_size_lagg.pdf>
Package pdftex.def Info: Figures/Real/window_size_lagg.pdf  used on input line 
1242.
(pdftex.def)             Requested size: 446.26582pt x 178.50874pt.

LaTeX Warning: `!h' float specifier changed to `!ht'.


LaTeX Warning: Reference `fig:lag' on page 17 undefined on input line 1248.

<Figures/Real/hfrs_by_lag.pdf, id=231, 722.7pt x 289.08pt>
File: Figures/Real/hfrs_by_lag.pdf Graphic file (type pdf)
<use Figures/Real/hfrs_by_lag.pdf>
Package pdftex.def Info: Figures/Real/hfrs_by_lag.pdf  used on input line 1258.

(pdftex.def)             Requested size: 469.75502pt x 187.90417pt.
<Figures/Real/hfrs_by_delay1.pdf, id=232, 722.7pt x 289.08pt>
File: Figures/Real/hfrs_by_delay1.pdf Graphic file (type pdf)
<use Figures/Real/hfrs_by_delay1.pdf>
Package pdftex.def Info: Figures/Real/hfrs_by_delay1.pdf  used on input line 12
63.
(pdftex.def)             Requested size: 469.75502pt x 187.90417pt.
<Figures/Real/hfrs_by_delay2.pdf, id=233, 722.7pt x 289.08pt>
File: Figures/Real/hfrs_by_delay2.pdf Graphic file (type pdf)
<use Figures/Real/hfrs_by_delay2.pdf>
Package pdftex.def Info: Figures/Real/hfrs_by_delay2.pdf  used on input line 12
64.
(pdftex.def)             Requested size: 469.75502pt x 187.90417pt.

LaTeX Warning: Reference `fig:delays' on page 17 undefined on input line 1272.

[17 <./Figures/Real/US_ests_realtime_both.pdf>]

LaTeX Warning: Reference `fig:state-level' on page 18 undefined on input line 1
296.

<Figures/Real/state_level_hfrs.pdf, id=247, 650.43pt x 614.295pt>
File: Figures/Real/state_level_hfrs.pdf Graphic file (type pdf)
<use Figures/Real/state_level_hfrs.pdf>
Package pdftex.def Info: Figures/Real/state_level_hfrs.pdf  used on input line 
1306.
(pdftex.def)             Requested size: 469.75502pt x 443.66994pt.

LaTeX Warning: Reference `fig:basic_est_vs_gt_figs' on page 18 undefined on inp
ut line 1312.


Package natbib Warning: There were undefined citations.

[18 <./Figures/Real/window_size_conv.pdf> <./Figures/Real/window_size_lagg.pdf>
] [19 <./Figures/Real/hfrs_by_lag.pdf> <./Figures/Real/hfrs_by_delay1.pdf> <./F
igures/Real/hfrs_by_delay2.pdf>] [20 <./Figures/Real/state_level_hfrs.pdf>]
(./revised.aux)
 ***********
LaTeX2e <2023-11-01> patch level 1
L3 programming layer <2024-02-20>
 ***********


LaTeX Warning: There were undefined references.


LaTeX Warning: Label(s) may have changed. Rerun to get cross-references right.


Package rerunfilecheck Warning: File `revised.out' has changed.
(rerunfilecheck)                Rerun to get outlines right
(rerunfilecheck)                or use package `bookmark'.

Package rerunfilecheck Info: Checksums for `revised.out':
(rerunfilecheck)             Before: <no file>
(rerunfilecheck)             After:  AD6AB517B3EC986FB84B9C1A9307B494;3267.
 ) 
Here is how much of TeX's memory you used:
 18054 strings out of 474116
 292105 string characters out of 5743683
 1947187 words of memory out of 5000000
 39816 multiletter control sequences out of 15000+600000
 585465 words of font info for 205 fonts, out of 8000000 for 9000
 1141 hyphenation exceptions out of 8191
 80i,13n,82p,1004b,663s stack positions out of 10000i,1000n,20000p,200000b,200000s
</usr/local/texlive/2024/texmf-dist/fonts/type1/public/amsfonts/cm/cmex10.pfb
></usr/local/texlive/2024/texmf-dist/fonts/type1/public/amsfonts/cm/cmmi10.pfb>
</usr/local/texlive/2024/texmf-dist/fonts/type1/public/amsfonts/cm/cmmi5.pfb></
usr/local/texlive/2024/texmf-dist/fonts/type1/public/amsfonts/cm/cmmi6.pfb></us
r/local/texlive/2024/texmf-dist/fonts/type1/public/amsfonts/cm/cmmi7.pfb></usr/
local/texlive/2024/texmf-dist/fonts/type1/public/amsfonts/cm/cmmi9.pfb></usr/lo
cal/texlive/2024/texmf-dist/fonts/type1/public/amsfonts/cm/cmr10.pfb></usr/loca
l/texlive/2024/texmf-dist/fonts/type1/public/amsfonts/cm/cmr5.pfb></usr/local/t
exlive/2024/texmf-dist/fonts/type1/public/amsfonts/cm/cmr7.pfb></usr/local/texl
ive/2024/texmf-dist/fonts/type1/public/amsfonts/cm/cmr9.pfb></usr/local/texlive
/2024/texmf-dist/fonts/type1/public/amsfonts/cm/cmsy10.pfb></usr/local/texlive/
2024/texmf-dist/fonts/type1/public/amsfonts/cm/cmsy5.pfb></usr/local/texlive/20
24/texmf-dist/fonts/type1/public/amsfonts/cm/cmsy7.pfb></usr/local/texlive/2024
/texmf-dist/fonts/type1/public/amsfonts/symbols/msbm10.pfb></usr/local/texlive/
2024/texmf-dist/fonts/type1/public/cm-super/sfbx0900.pfb></usr/local/texlive/20
24/texmf-dist/fonts/type1/public/cm-super/sfbx1000.pfb></usr/local/texlive/2024
/texmf-dist/fonts/type1/public/cm-super/sfbx1200.pfb></usr/local/texlive/2024/t
exmf-dist/fonts/type1/public/cm-super/sfbx1440.pfb></usr/local/texlive/2024/tex
mf-dist/fonts/type1/public/cm-super/sfrm0600.pfb></usr/local/texlive/2024/texmf
-dist/fonts/type1/public/cm-super/sfrm0700.pfb></usr/local/texlive/2024/texmf-d
ist/fonts/type1/public/cm-super/sfrm0800.pfb></usr/local/texlive/2024/texmf-dis
t/fonts/type1/public/cm-super/sfrm0900.pfb></usr/local/texlive/2024/texmf-dist/
fonts/type1/public/cm-super/sfrm1000.pfb></usr/local/texlive/2024/texmf-dist/fo
nts/type1/public/cm-super/sfrm1200.pfb></usr/local/texlive/2024/texmf-dist/font
s/type1/public/cm-super/sfrm1728.pfb></usr/local/texlive/2024/texmf-dist/fonts/
type1/public/cm-super/sfti1000.pfb></usr/local/texlive/2024/texmf-dist/fonts/ty
pe1/public/cm-super/sftt1000.pfb>
Output written on revised.pdf (20 pages, 698354 bytes).
PDF statistics:
 435 PDF objects out of 1000 (max. 8388607)
 316 compressed objects within 4 object streams
 83 named destinations out of 1000 (max. 500000)
 49755 words of extra memory for PDF output out of 51595 (max. 10000000)

